<?xml version="1.0" encoding="UTF-8"?>
<coverage generated="1652998670625" clover="3.2.0">
  <project timestamp="1652998670626" name="All files">
    <metrics statements="102" coveredstatements="88" conditionals="41" coveredconditionals="33" methods="36" coveredmethods="30" elements="179" coveredelements="151" complexity="0" loc="102" ncloc="102" packages="2" files="4" classes="4"/>
    <package name="dist.classes">
      <metrics statements="53" coveredstatements="46" conditionals="22" coveredconditionals="18" methods="18" coveredmethods="15"/>
      <file name="CitizenListManager.js" path="C:\Programming Projects\NodeJS\Roll Call\dist\classes\CitizenListManager.js">
        <metrics statements="32" coveredstatements="31" conditionals="11" coveredconditionals="9" methods="9" coveredmethods="9"/>
        <line num="2" count="1" type="stmt"/>
        <line num="3" count="1" type="stmt"/>
        <line num="7" count="13" type="cond" truecount="1" falsecount="1"/>
        <line num="8" count="0" type="stmt"/>
        <line num="10" count="13" type="stmt"/>
        <line num="17" count="4" type="stmt"/>
        <line num="18" count="4" type="stmt"/>
        <line num="19" count="20" type="stmt"/>
        <line num="22" count="4" type="stmt"/>
        <line num="32" count="1" type="stmt"/>
        <line num="34" count="1" type="stmt"/>
        <line num="35" count="1" type="stmt"/>
        <line num="37" count="1" type="stmt"/>
        <line num="38" count="1" type="stmt"/>
        <line num="39" count="6" type="cond" truecount="4" falsecount="0"/>
        <line num="41" count="1" type="stmt"/>
        <line num="43" count="5" type="cond" truecount="2" falsecount="0"/>
        <line num="44" count="1" type="stmt"/>
        <line num="48" count="4" type="stmt"/>
        <line num="49" count="4" type="stmt"/>
        <line num="53" count="1" type="stmt"/>
        <line num="55" count="1" type="stmt"/>
        <line num="56" count="6" type="cond" truecount="2" falsecount="0"/>
        <line num="58" count="4" type="stmt"/>
        <line num="61" count="2" type="stmt"/>
        <line num="64" count="1" type="stmt"/>
        <line num="71" count="2" type="stmt"/>
        <line num="72" count="2" type="stmt"/>
        <line num="73" count="2" type="stmt"/>
        <line num="76" count="38" type="stmt"/>
        <line num="79" count="34" type="stmt"/>
        <line num="82" count="1" type="stmt"/>
      </file>
      <file name="Student.js" path="C:\Programming Projects\NodeJS\Roll Call\dist\classes\Student.js">
        <metrics statements="21" coveredstatements="15" conditionals="11" coveredconditionals="9" methods="9" coveredmethods="6"/>
        <line num="2" count="1" type="stmt"/>
        <line num="3" count="1" type="stmt"/>
        <line num="11" count="81" type="cond" truecount="4" falsecount="0"/>
        <line num="12" count="6" type="stmt"/>
        <line num="14" count="75" type="stmt"/>
        <line num="15" count="75" type="stmt"/>
        <line num="16" count="75" type="stmt"/>
        <line num="19" count="20" type="stmt"/>
        <line num="22" count="10" type="stmt"/>
        <line num="25" count="93" type="stmt"/>
        <line num="28" count="70" type="stmt"/>
        <line num="31" count="0" type="stmt"/>
        <line num="34" count="0" type="stmt"/>
        <line num="35" count="0" type="stmt"/>
        <line num="38" count="0" type="cond" truecount="0" falsecount="2"/>
        <line num="39" count="0" type="stmt"/>
        <line num="41" count="0" type="stmt"/>
        <line num="45" count="160" type="cond" truecount="5" falsecount="0"/>
        <line num="46" count="6" type="stmt"/>
        <line num="48" count="154" type="stmt"/>
        <line num="51" count="1" type="stmt"/>
      </file>
    </package>
    <package name="src.classes">
      <metrics statements="49" coveredstatements="42" conditionals="19" coveredconditionals="15" methods="18" coveredmethods="15"/>
      <file name="CitizenListManager.ts" path="C:\Programming Projects\NodeJS\Roll Call\src\classes\CitizenListManager.ts">
        <metrics statements="30" coveredstatements="29" conditionals="10" coveredconditionals="8" methods="9" coveredmethods="9"/>
        <line num="3" count="1" type="stmt"/>
        <line num="13" count="13" type="cond" truecount="0" falsecount="1"/>
        <line num="14" count="0" type="stmt"/>
        <line num="16" count="13" type="stmt"/>
        <line num="24" count="4" type="stmt"/>
        <line num="25" count="4" type="stmt"/>
        <line num="26" count="20" type="stmt"/>
        <line num="29" count="4" type="stmt"/>
        <line num="40" count="1" type="stmt"/>
        <line num="42" count="1" type="stmt"/>
        <line num="43" count="1" type="stmt"/>
        <line num="46" count="1" type="stmt"/>
        <line num="47" count="1" type="stmt"/>
        <line num="48" count="6" type="cond" truecount="4" falsecount="0"/>
        <line num="50" count="1" type="stmt"/>
        <line num="52" count="5" type="cond" truecount="2" falsecount="0"/>
        <line num="53" count="1" type="stmt"/>
        <line num="57" count="4" type="stmt"/>
        <line num="58" count="4" type="stmt"/>
        <line num="63" count="1" type="stmt"/>
        <line num="65" count="1" type="stmt"/>
        <line num="66" count="6" type="cond" truecount="2" falsecount="0"/>
        <line num="68" count="4" type="stmt"/>
        <line num="71" count="2" type="stmt"/>
        <line num="75" count="1" type="stmt"/>
        <line num="83" count="2" type="stmt"/>
        <line num="84" count="2" type="stmt"/>
        <line num="85" count="2" type="stmt"/>
        <line num="89" count="38" type="stmt"/>
        <line num="93" count="34" type="stmt"/>
      </file>
      <file name="Student.ts" path="C:\Programming Projects\NodeJS\Roll Call\src\classes\Student.ts">
        <metrics statements="19" coveredstatements="13" conditionals="9" coveredconditionals="7" methods="9" coveredmethods="6"/>
        <line num="7" count="1" type="stmt"/>
        <line num="18" count="81" type="cond" truecount="3" falsecount="0"/>
        <line num="19" count="6" type="stmt"/>
        <line num="21" count="75" type="stmt"/>
        <line num="22" count="75" type="stmt"/>
        <line num="23" count="75" type="stmt"/>
        <line num="27" count="20" type="stmt"/>
        <line num="31" count="10" type="stmt"/>
        <line num="35" count="93" type="stmt"/>
        <line num="39" count="70" type="stmt"/>
        <line num="43" count="0" type="stmt"/>
        <line num="47" count="0" type="stmt"/>
        <line num="48" count="0" type="stmt"/>
        <line num="52" count="0" type="cond" truecount="0" falsecount="2"/>
        <line num="53" count="0" type="stmt"/>
        <line num="55" count="0" type="stmt"/>
        <line num="61" count="160" type="cond" truecount="4" falsecount="0"/>
        <line num="62" count="6" type="stmt"/>
        <line num="64" count="154" type="stmt"/>
      </file>
    </package>
  </project>
</coverage>
