<?xml version="1.0" encoding="UTF-8"?>
<coverage generated="1652957323916" clover="3.2.0">
  <project timestamp="1652957323916" name="All files">
    <metrics statements="86" coveredstatements="78" conditionals="21" coveredconditionals="17" methods="34" coveredmethods="28" elements="141" coveredelements="123" complexity="0" loc="86" ncloc="86" packages="2" files="4" classes="4"/>
    <package name="dist.classes">
      <metrics statements="45" coveredstatements="41" conditionals="11" coveredconditionals="9" methods="17" coveredmethods="14"/>
      <file name="CitizenListManager.js" path="C:\Programming Projects\NodeJS\Roll Call\dist\classes\CitizenListManager.js">
        <metrics statements="32" coveredstatements="31" conditionals="11" coveredconditionals="9" methods="9" coveredmethods="9"/>
        <line num="2" count="1" type="stmt"/>
        <line num="3" count="1" type="stmt"/>
        <line num="7" count="8" type="cond" truecount="1" falsecount="1"/>
        <line num="8" count="0" type="stmt"/>
        <line num="10" count="8" type="stmt"/>
        <line num="17" count="4" type="stmt"/>
        <line num="18" count="4" type="stmt"/>
        <line num="19" count="20" type="stmt"/>
        <line num="22" count="4" type="stmt"/>
        <line num="32" count="1" type="stmt"/>
        <line num="34" count="1" type="stmt"/>
        <line num="35" count="1" type="stmt"/>
        <line num="37" count="1" type="stmt"/>
        <line num="38" count="1" type="stmt"/>
        <line num="39" count="6" type="cond" truecount="4" falsecount="0"/>
        <line num="41" count="1" type="stmt"/>
        <line num="43" count="5" type="cond" truecount="2" falsecount="0"/>
        <line num="44" count="1" type="stmt"/>
        <line num="48" count="4" type="stmt"/>
        <line num="49" count="4" type="stmt"/>
        <line num="53" count="1" type="stmt"/>
        <line num="55" count="1" type="stmt"/>
        <line num="56" count="6" type="cond" truecount="2" falsecount="0"/>
        <line num="58" count="4" type="stmt"/>
        <line num="61" count="2" type="stmt"/>
        <line num="64" count="1" type="stmt"/>
        <line num="71" count="2" type="stmt"/>
        <line num="72" count="2" type="stmt"/>
        <line num="73" count="2" type="stmt"/>
        <line num="76" count="38" type="stmt"/>
        <line num="79" count="34" type="stmt"/>
        <line num="82" count="1" type="stmt"/>
      </file>
      <file name="Student.js" path="C:\Programming Projects\NodeJS\Roll Call\dist\classes\Student.js">
        <metrics statements="13" coveredstatements="10" conditionals="0" coveredconditionals="0" methods="8" coveredmethods="5"/>
        <line num="2" count="1" type="stmt"/>
        <line num="3" count="1" type="stmt"/>
        <line num="6" count="45" type="stmt"/>
        <line num="7" count="45" type="stmt"/>
        <line num="8" count="45" type="stmt"/>
        <line num="11" count="20" type="stmt"/>
        <line num="14" count="10" type="stmt"/>
        <line num="17" count="93" type="stmt"/>
        <line num="20" count="70" type="stmt"/>
        <line num="23" count="0" type="stmt"/>
        <line num="26" count="0" type="stmt"/>
        <line num="29" count="0" type="stmt"/>
        <line num="32" count="1" type="stmt"/>
      </file>
    </package>
    <package name="src.classes">
      <metrics statements="41" coveredstatements="37" conditionals="10" coveredconditionals="8" methods="17" coveredmethods="14"/>
      <file name="CitizenListManager.ts" path="C:\Programming Projects\NodeJS\Roll Call\src\classes\CitizenListManager.ts">
        <metrics statements="30" coveredstatements="29" conditionals="10" coveredconditionals="8" methods="9" coveredmethods="9"/>
        <line num="3" count="1" type="stmt"/>
        <line num="10" count="8" type="cond" truecount="0" falsecount="1"/>
        <line num="11" count="0" type="stmt"/>
        <line num="13" count="8" type="stmt"/>
        <line num="21" count="4" type="stmt"/>
        <line num="22" count="4" type="stmt"/>
        <line num="23" count="20" type="stmt"/>
        <line num="26" count="4" type="stmt"/>
        <line num="37" count="1" type="stmt"/>
        <line num="39" count="1" type="stmt"/>
        <line num="40" count="1" type="stmt"/>
        <line num="43" count="1" type="stmt"/>
        <line num="44" count="1" type="stmt"/>
        <line num="45" count="6" type="cond" truecount="4" falsecount="0"/>
        <line num="47" count="1" type="stmt"/>
        <line num="49" count="5" type="cond" truecount="2" falsecount="0"/>
        <line num="50" count="1" type="stmt"/>
        <line num="54" count="4" type="stmt"/>
        <line num="55" count="4" type="stmt"/>
        <line num="60" count="1" type="stmt"/>
        <line num="62" count="1" type="stmt"/>
        <line num="63" count="6" type="cond" truecount="2" falsecount="0"/>
        <line num="65" count="4" type="stmt"/>
        <line num="68" count="2" type="stmt"/>
        <line num="72" count="1" type="stmt"/>
        <line num="80" count="2" type="stmt"/>
        <line num="81" count="2" type="stmt"/>
        <line num="82" count="2" type="stmt"/>
        <line num="86" count="38" type="stmt"/>
        <line num="90" count="34" type="stmt"/>
      </file>
      <file name="Student.ts" path="C:\Programming Projects\NodeJS\Roll Call\src\classes\Student.ts">
        <metrics statements="11" coveredstatements="8" conditionals="0" coveredconditionals="0" methods="8" coveredmethods="5"/>
        <line num="3" count="1" type="stmt"/>
        <line num="9" count="45" type="stmt"/>
        <line num="10" count="45" type="stmt"/>
        <line num="11" count="45" type="stmt"/>
        <line num="15" count="20" type="stmt"/>
        <line num="19" count="10" type="stmt"/>
        <line num="23" count="93" type="stmt"/>
        <line num="27" count="70" type="stmt"/>
        <line num="31" count="0" type="stmt"/>
        <line num="35" count="0" type="stmt"/>
        <line num="39" count="0" type="stmt"/>
      </file>
    </package>
  </project>
</coverage>
