{"C:\\Programming Projects\\NodeJS\\Roll Call\\dist\\classes\\CitizenListManager.js": {"path":"C:\\Programming Projects\\NodeJS\\Roll Call\\dist\\classes\\CitizenListManager.js","statementMap":{"0":{"start":{"line":2,"column":0},"end":{"line":2,"column":62}},"1":{"start":{"line":3,"column":0},"end":{"line":3,"column":36}},"2":{"start":{"line":7,"column":8},"end":{"line":9,"column":9}},"3":{"start":{"line":8,"column":12},"end":{"line":8,"column":76}},"4":{"start":{"line":10,"column":8},"end":{"line":10,"column":47}},"5":{"start":{"line":17,"column":21},"end":{"line":17,"column":23}},"6":{"start":{"line":18,"column":8},"end":{"line":20,"column":11}},"7":{"start":{"line":19,"column":12},"end":{"line":19,"column":48}},"8":{"start":{"line":22,"column":8},"end":{"line":22,"column":54}},"9":{"start":{"line":32,"column":36},"end":{"line":32,"column":66}},"10":{"start":{"line":34,"column":29},"end":{"line":34,"column":31}},"11":{"start":{"line":35,"column":36},"end":{"line":35,"column":45}},"12":{"start":{"line":37,"column":39},"end":{"line":37,"column":44}},"13":{"start":{"line":38,"column":8},"end":{"line":51,"column":9}},"14":{"start":{"line":38,"column":21},"end":{"line":38,"column":22}},"15":{"start":{"line":39,"column":12},"end":{"line":50,"column":13}},"16":{"start":{"line":41,"column":16},"end":{"line":41,"column":48}},"17":{"start":{"line":43,"column":17},"end":{"line":50,"column":13}},"18":{"start":{"line":44,"column":16},"end":{"line":44,"column":49}},"19":{"start":{"line":48,"column":16},"end":{"line":48,"column":49}},"20":{"start":{"line":49,"column":16},"end":{"line":49,"column":80}},"21":{"start":{"line":53,"column":8},"end":{"line":53,"column":62}},"22":{"start":{"line":55,"column":8},"end":{"line":63,"column":9}},"23":{"start":{"line":55,"column":21},"end":{"line":55,"column":22}},"24":{"start":{"line":56,"column":12},"end":{"line":62,"column":13}},"25":{"start":{"line":58,"column":16},"end":{"line":58,"column":77}},"26":{"start":{"line":61,"column":16},"end":{"line":61,"column":124}},"27":{"start":{"line":64,"column":8},"end":{"line":64,"column":30}},"28":{"start":{"line":71,"column":8},"end":{"line":71,"column":31}},"29":{"start":{"line":72,"column":8},"end":{"line":72,"column":30}},"30":{"start":{"line":73,"column":8},"end":{"line":73,"column":36}},"31":{"start":{"line":76,"column":8},"end":{"line":76,"column":101}},"32":{"start":{"line":76,"column":51},"end":{"line":76,"column":99}},"33":{"start":{"line":79,"column":8},"end":{"line":79,"column":99}},"34":{"start":{"line":79,"column":51},"end":{"line":79,"column":97}},"35":{"start":{"line":82,"column":0},"end":{"line":82,"column":48}}},"fnMap":{"0":{"name":"(anonymous_0)","decl":{"start":{"line":6,"column":4},"end":{"line":6,"column":5}},"loc":{"start":{"line":6,"column":38},"end":{"line":11,"column":5}},"line":6},"1":{"name":"(anonymous_1)","decl":{"start":{"line":16,"column":4},"end":{"line":16,"column":5}},"loc":{"start":{"line":16,"column":19},"end":{"line":23,"column":5}},"line":16},"2":{"name":"(anonymous_2)","decl":{"start":{"line":18,"column":37},"end":{"line":18,"column":38}},"loc":{"start":{"line":18,"column":50},"end":{"line":20,"column":9}},"line":18},"3":{"name":"(anonymous_3)","decl":{"start":{"line":30,"column":4},"end":{"line":30,"column":5}},"loc":{"start":{"line":30,"column":15},"end":{"line":65,"column":5}},"line":30},"4":{"name":"(anonymous_4)","decl":{"start":{"line":70,"column":4},"end":{"line":70,"column":5}},"loc":{"start":{"line":70,"column":29},"end":{"line":74,"column":5}},"line":70},"5":{"name":"(anonymous_5)","decl":{"start":{"line":75,"column":4},"end":{"line":75,"column":5}},"loc":{"start":{"line":75,"column":22},"end":{"line":77,"column":5}},"line":75},"6":{"name":"(anonymous_6)","decl":{"start":{"line":76,"column":41},"end":{"line":76,"column":42}},"loc":{"start":{"line":76,"column":51},"end":{"line":76,"column":99}},"line":76},"7":{"name":"(anonymous_7)","decl":{"start":{"line":78,"column":4},"end":{"line":78,"column":5}},"loc":{"start":{"line":78,"column":21},"end":{"line":80,"column":5}},"line":78},"8":{"name":"(anonymous_8)","decl":{"start":{"line":79,"column":41},"end":{"line":79,"column":42}},"loc":{"start":{"line":79,"column":51},"end":{"line":79,"column":97}},"line":79}},"branchMap":{"0":{"loc":{"start":{"line":6,"column":16},"end":{"line":6,"column":36}},"type":"default-arg","locations":[{"start":{"line":6,"column":34},"end":{"line":6,"column":36}}],"line":6},"1":{"loc":{"start":{"line":7,"column":8},"end":{"line":9,"column":9}},"type":"if","locations":[{"start":{"line":7,"column":8},"end":{"line":9,"column":9}},{"start":{},"end":{}}],"line":7},"2":{"loc":{"start":{"line":39,"column":12},"end":{"line":50,"column":13}},"type":"if","locations":[{"start":{"line":39,"column":12},"end":{"line":50,"column":13}},{"start":{"line":43,"column":17},"end":{"line":50,"column":13}}],"line":39},"3":{"loc":{"start":{"line":39,"column":16},"end":{"line":40,"column":102}},"type":"binary-expr","locations":[{"start":{"line":39,"column":16},"end":{"line":39,"column":54}},{"start":{"line":40,"column":16},"end":{"line":40,"column":102}}],"line":39},"4":{"loc":{"start":{"line":43,"column":17},"end":{"line":50,"column":13}},"type":"if","locations":[{"start":{"line":43,"column":17},"end":{"line":50,"column":13}},{"start":{"line":46,"column":17},"end":{"line":50,"column":13}}],"line":43},"5":{"loc":{"start":{"line":56,"column":12},"end":{"line":62,"column":13}},"type":"if","locations":[{"start":{"line":56,"column":12},"end":{"line":62,"column":13}},{"start":{"line":60,"column":17},"end":{"line":62,"column":13}}],"line":56}},"s":{"0":1,"1":1,"2":8,"3":0,"4":8,"5":4,"6":4,"7":20,"8":4,"9":1,"10":1,"11":1,"12":1,"13":1,"14":1,"15":6,"16":1,"17":5,"18":1,"19":4,"20":4,"21":1,"22":1,"23":1,"24":6,"25":4,"26":2,"27":1,"28":2,"29":2,"30":2,"31":4,"32":38,"33":3,"34":34,"35":1},"f":{"0":8,"1":4,"2":20,"3":1,"4":2,"5":4,"6":38,"7":3,"8":34},"b":{"0":[0],"1":[0,8],"2":[1,5],"3":[6,5],"4":[1,4],"5":[4,2]},"inputSourceMap":null,"_coverageSchema":"1a1c01bbd47fc00a2c39e90264f33305004495a9","hash":"955b686324e3d0cf5145543a39eeb0d8e4fa8338"}
,"C:\\Programming Projects\\NodeJS\\Roll Call\\dist\\classes\\Student.js": {"path":"C:\\Programming Projects\\NodeJS\\Roll Call\\dist\\classes\\Student.js","statementMap":{"0":{"start":{"line":2,"column":0},"end":{"line":2,"column":62}},"1":{"start":{"line":3,"column":0},"end":{"line":3,"column":25}},"2":{"start":{"line":6,"column":8},"end":{"line":6,"column":21}},"3":{"start":{"line":7,"column":8},"end":{"line":7,"column":35}},"4":{"start":{"line":8,"column":8},"end":{"line":8,"column":33}},"5":{"start":{"line":11,"column":8},"end":{"line":11,"column":69}},"6":{"start":{"line":14,"column":8},"end":{"line":14,"column":23}},"7":{"start":{"line":17,"column":8},"end":{"line":17,"column":30}},"8":{"start":{"line":20,"column":8},"end":{"line":20,"column":29}},"9":{"start":{"line":23,"column":8},"end":{"line":23,"column":21}},"10":{"start":{"line":26,"column":8},"end":{"line":26,"column":35}},"11":{"start":{"line":29,"column":8},"end":{"line":29,"column":33}},"12":{"start":{"line":32,"column":0},"end":{"line":32,"column":26}}},"fnMap":{"0":{"name":"(anonymous_0)","decl":{"start":{"line":5,"column":4},"end":{"line":5,"column":5}},"loc":{"start":{"line":5,"column":41},"end":{"line":9,"column":5}},"line":5},"1":{"name":"(anonymous_1)","decl":{"start":{"line":10,"column":4},"end":{"line":10,"column":5}},"loc":{"start":{"line":10,"column":15},"end":{"line":12,"column":5}},"line":10},"2":{"name":"(anonymous_2)","decl":{"start":{"line":13,"column":4},"end":{"line":13,"column":5}},"loc":{"start":{"line":13,"column":12},"end":{"line":15,"column":5}},"line":13},"3":{"name":"(anonymous_3)","decl":{"start":{"line":16,"column":4},"end":{"line":16,"column":5}},"loc":{"start":{"line":16,"column":19},"end":{"line":18,"column":5}},"line":16},"4":{"name":"(anonymous_4)","decl":{"start":{"line":19,"column":4},"end":{"line":19,"column":5}},"loc":{"start":{"line":19,"column":18},"end":{"line":21,"column":5}},"line":19},"5":{"name":"(anonymous_5)","decl":{"start":{"line":22,"column":4},"end":{"line":22,"column":5}},"loc":{"start":{"line":22,"column":14},"end":{"line":24,"column":5}},"line":22},"6":{"name":"(anonymous_6)","decl":{"start":{"line":25,"column":4},"end":{"line":25,"column":5}},"loc":{"start":{"line":25,"column":28},"end":{"line":27,"column":5}},"line":25},"7":{"name":"(anonymous_7)","decl":{"start":{"line":28,"column":4},"end":{"line":28,"column":5}},"loc":{"start":{"line":28,"column":26},"end":{"line":30,"column":5}},"line":28}},"branchMap":{},"s":{"0":1,"1":1,"2":45,"3":45,"4":45,"5":20,"6":10,"7":93,"8":70,"9":0,"10":0,"11":0,"12":1},"f":{"0":45,"1":20,"2":10,"3":93,"4":70,"5":0,"6":0,"7":0},"b":{},"inputSourceMap":null,"_coverageSchema":"1a1c01bbd47fc00a2c39e90264f33305004495a9","hash":"a021c906a7d94e5c4af88eabde89b730f7a90e28"}
,"C:\\Programming Projects\\NodeJS\\Roll Call\\src\\classes\\CitizenListManager.ts": {"path":"C:\\Programming Projects\\NodeJS\\Roll Call\\src\\classes\\CitizenListManager.ts","statementMap":{"0":{"start":{"line":10,"column":8},"end":{"line":12,"column":null}},"1":{"start":{"line":11,"column":12},"end":{"line":11,"column":76}},"2":{"start":{"line":13,"column":8},"end":{"line":13,"column":47}},"3":{"start":{"line":21,"column":29},"end":{"line":21,"column":31}},"4":{"start":{"line":22,"column":8},"end":{"line":24,"column":11}},"5":{"start":{"line":23,"column":12},"end":{"line":23,"column":48}},"6":{"start":{"line":26,"column":8},"end":{"line":26,"column":54}},"7":{"start":{"line":37,"column":48},"end":{"line":37,"column":78}},"8":{"start":{"line":39,"column":39},"end":{"line":39,"column":41}},"9":{"start":{"line":40,"column":57},"end":{"line":40,"column":82}},"10":{"start":{"line":43,"column":48},"end":{"line":43,"column":53}},"11":{"start":{"line":44,"column":8},"end":{"line":57,"column":null}},"12":{"start":{"line":44,"column":20},"end":{"line":44,"column":21}},"13":{"start":{"line":45,"column":12},"end":{"line":56,"column":null}},"14":{"start":{"line":47,"column":16},"end":{"line":47,"column":48}},"15":{"start":{"line":49,"column":17},"end":{"line":56,"column":null}},"16":{"start":{"line":50,"column":16},"end":{"line":50,"column":49}},"17":{"start":{"line":54,"column":16},"end":{"line":54,"column":49}},"18":{"start":{"line":55,"column":16},"end":{"line":55,"column":80}},"19":{"start":{"line":60,"column":8},"end":{"line":60,"column":62}},"20":{"start":{"line":62,"column":8},"end":{"line":70,"column":null}},"21":{"start":{"line":62,"column":20},"end":{"line":62,"column":21}},"22":{"start":{"line":63,"column":12},"end":{"line":69,"column":null}},"23":{"start":{"line":65,"column":16},"end":{"line":65,"column":77}},"24":{"start":{"line":68,"column":16},"end":{"line":68,"column":124}},"25":{"start":{"line":72,"column":8},"end":{"line":72,"column":30}},"26":{"start":{"line":80,"column":8},"end":{"line":80,"column":31}},"27":{"start":{"line":81,"column":8},"end":{"line":81,"column":30}},"28":{"start":{"line":82,"column":8},"end":{"line":82,"column":36}},"29":{"start":{"line":86,"column":8},"end":{"line":86,"column":101}},"30":{"start":{"line":86,"column":51},"end":{"line":86,"column":99}},"31":{"start":{"line":90,"column":8},"end":{"line":90,"column":99}},"32":{"start":{"line":90,"column":51},"end":{"line":90,"column":97}},"33":{"start":{"line":3,"column":0},"end":{"line":3,"column":13}}},"fnMap":{"0":{"name":"(anonymous_0)","decl":{"start":{"line":9,"column":4},"end":{"line":9,"column":16}},"loc":{"start":{"line":9,"column":48},"end":{"line":14,"column":5}}},"1":{"name":"(anonymous_1)","decl":{"start":{"line":20,"column":11},"end":{"line":20,"column":23}},"loc":{"start":{"line":20,"column":23},"end":{"line":27,"column":5}}},"2":{"name":"(anonymous_2)","decl":{"start":{"line":22,"column":37},"end":{"line":22,"column":38}},"loc":{"start":{"line":22,"column":49},"end":{"line":24,"column":9}}},"3":{"name":"(anonymous_3)","decl":{"start":{"line":35,"column":11},"end":{"line":35,"column":19}},"loc":{"start":{"line":35,"column":19},"end":{"line":73,"column":5}}},"4":{"name":"(anonymous_4)","decl":{"start":{"line":79,"column":11},"end":{"line":79,"column":33}},"loc":{"start":{"line":79,"column":33},"end":{"line":83,"column":5}}},"5":{"name":"(anonymous_5)","decl":{"start":{"line":85,"column":11},"end":{"line":85,"column":26}},"loc":{"start":{"line":85,"column":26},"end":{"line":87,"column":5}}},"6":{"name":"(anonymous_6)","decl":{"start":{"line":86,"column":41},"end":{"line":86,"column":42}},"loc":{"start":{"line":86,"column":51},"end":{"line":86,"column":99}}},"7":{"name":"(anonymous_7)","decl":{"start":{"line":89,"column":11},"end":{"line":89,"column":25}},"loc":{"start":{"line":89,"column":25},"end":{"line":91,"column":5}}},"8":{"name":"(anonymous_8)","decl":{"start":{"line":90,"column":41},"end":{"line":90,"column":42}},"loc":{"start":{"line":90,"column":51},"end":{"line":90,"column":97}}}},"branchMap":{"0":{"loc":{"start":{"line":9,"column":16},"end":{"line":9,"column":48}},"type":"default-arg","locations":[{"start":{"line":9,"column":46},"end":{"line":9,"column":48}}]},"1":{"loc":{"start":{"line":10,"column":8},"end":{"line":12,"column":null}},"type":"if","locations":[{"start":{"line":10,"column":8},"end":{"line":12,"column":null}}]},"2":{"loc":{"start":{"line":45,"column":12},"end":{"line":56,"column":null}},"type":"if","locations":[{"start":{"line":45,"column":12},"end":{"line":56,"column":null}},{"start":{"line":49,"column":17},"end":{"line":56,"column":null}}]},"3":{"loc":{"start":{"line":45,"column":16},"end":{"line":46,"column":104}},"type":"binary-expr","locations":[{"start":{"line":45,"column":16},"end":{"line":45,"column":52}},{"start":{"line":46,"column":20},"end":{"line":46,"column":104}}]},"4":{"loc":{"start":{"line":49,"column":17},"end":{"line":56,"column":null}},"type":"if","locations":[{"start":{"line":49,"column":17},"end":{"line":56,"column":null}},{"start":{"line":52,"column":17},"end":{"line":56,"column":null}}]},"5":{"loc":{"start":{"line":63,"column":12},"end":{"line":69,"column":null}},"type":"if","locations":[{"start":{"line":63,"column":12},"end":{"line":69,"column":null}},{"start":{"line":67,"column":17},"end":{"line":69,"column":null}}]}},"s":{"0":8,"1":0,"2":8,"3":4,"4":4,"5":20,"6":4,"7":1,"8":1,"9":1,"10":1,"11":1,"12":1,"13":6,"14":1,"15":5,"16":1,"17":4,"18":4,"19":1,"20":1,"21":1,"22":6,"23":4,"24":2,"25":1,"26":2,"27":2,"28":2,"29":4,"30":38,"31":3,"32":34,"33":1},"f":{"0":8,"1":4,"2":20,"3":1,"4":2,"5":4,"6":38,"7":3,"8":34},"b":{"0":[0],"1":[0],"2":[1,5],"3":[6,5],"4":[1,4],"5":[4,2]}}
,"C:\\Programming Projects\\NodeJS\\Roll Call\\src\\classes\\Student.ts": {"path":"C:\\Programming Projects\\NodeJS\\Roll Call\\src\\classes\\Student.ts","statementMap":{"0":{"start":{"line":9,"column":8},"end":{"line":9,"column":21}},"1":{"start":{"line":10,"column":8},"end":{"line":10,"column":35}},"2":{"start":{"line":11,"column":8},"end":{"line":11,"column":33}},"3":{"start":{"line":15,"column":8},"end":{"line":15,"column":69}},"4":{"start":{"line":19,"column":8},"end":{"line":19,"column":23}},"5":{"start":{"line":23,"column":8},"end":{"line":23,"column":30}},"6":{"start":{"line":27,"column":8},"end":{"line":27,"column":29}},"7":{"start":{"line":31,"column":8},"end":{"line":31,"column":21}},"8":{"start":{"line":35,"column":8},"end":{"line":35,"column":35}},"9":{"start":{"line":39,"column":8},"end":{"line":39,"column":33}},"10":{"start":{"line":3,"column":0},"end":{"line":3,"column":13}}},"fnMap":{"0":{"name":"(anonymous_0)","decl":{"start":{"line":8,"column":4},"end":{"line":8,"column":16}},"loc":{"start":{"line":8,"column":63},"end":{"line":12,"column":5}}},"1":{"name":"(anonymous_1)","decl":{"start":{"line":14,"column":4},"end":{"line":14,"column":12}},"loc":{"start":{"line":14,"column":12},"end":{"line":16,"column":5}}},"2":{"name":"(anonymous_2)","decl":{"start":{"line":18,"column":4},"end":{"line":18,"column":9}},"loc":{"start":{"line":18,"column":9},"end":{"line":20,"column":5}}},"3":{"name":"(anonymous_3)","decl":{"start":{"line":22,"column":4},"end":{"line":22,"column":16}},"loc":{"start":{"line":22,"column":16},"end":{"line":24,"column":5}}},"4":{"name":"(anonymous_4)","decl":{"start":{"line":26,"column":4},"end":{"line":26,"column":15}},"loc":{"start":{"line":26,"column":15},"end":{"line":28,"column":5}}},"5":{"name":"(anonymous_5)","decl":{"start":{"line":30,"column":4},"end":{"line":30,"column":9}},"loc":{"start":{"line":30,"column":20},"end":{"line":32,"column":5}}},"6":{"name":"(anonymous_6)","decl":{"start":{"line":34,"column":4},"end":{"line":34,"column":16}},"loc":{"start":{"line":34,"column":34},"end":{"line":36,"column":5}}},"7":{"name":"(anonymous_7)","decl":{"start":{"line":38,"column":4},"end":{"line":38,"column":15}},"loc":{"start":{"line":38,"column":32},"end":{"line":40,"column":5}}}},"branchMap":{},"s":{"0":45,"1":45,"2":45,"3":20,"4":10,"5":93,"6":70,"7":0,"8":0,"9":0,"10":1},"f":{"0":45,"1":20,"2":10,"3":93,"4":70,"5":0,"6":0,"7":0},"b":{}}
}
