TN:
SF:dist\classes\CitizenListManager.js
FN:6,(anonymous_0)
FN:16,(anonymous_1)
FN:18,(anonymous_2)
FN:30,(anonymous_3)
FN:70,(anonymous_4)
FN:75,(anonymous_5)
FN:76,(anonymous_6)
FN:78,(anonymous_7)
FN:79,(anonymous_8)
FNF:9
FNH:9
FNDA:6,(anonymous_0)
FNDA:4,(anonymous_1)
FNDA:20,(anonymous_2)
FNDA:1,(anonymous_3)
FNDA:2,(anonymous_4)
FNDA:4,(anonymous_5)
FNDA:38,(anonymous_6)
FNDA:3,(anonymous_7)
FNDA:34,(anonymous_8)
DA:2,1
DA:3,1
DA:7,6
DA:8,0
DA:10,6
DA:17,4
DA:18,4
DA:19,20
DA:22,4
DA:32,1
DA:34,1
DA:35,1
DA:37,1
DA:38,1
DA:39,6
DA:41,1
DA:43,5
DA:44,1
DA:48,4
DA:49,4
DA:53,1
DA:55,1
DA:56,6
DA:58,4
DA:61,2
DA:64,1
DA:71,2
DA:72,2
DA:73,2
DA:76,38
DA:79,34
DA:82,1
LF:32
LH:31
BRDA:6,0,0,0
BRDA:7,1,0,0
BRDA:7,1,1,6
BRDA:39,2,0,1
BRDA:39,2,1,5
BRDA:39,3,0,6
BRDA:39,3,1,5
BRDA:43,4,0,1
BRDA:43,4,1,4
BRDA:56,5,0,4
BRDA:56,5,1,2
BRF:11
BRH:9
end_of_record
TN:
SF:dist\classes\Student.js
FN:10,(anonymous_0)
FN:18,(anonymous_1)
FN:21,(anonymous_2)
FN:24,(anonymous_3)
FN:27,(anonymous_4)
FN:30,(anonymous_5)
FN:33,(anonymous_6)
FN:37,(anonymous_7)
FN:48,(anonymous_8)
FNF:9
FNH:6
FNDA:39,(anonymous_0)
FNDA:20,(anonymous_1)
FNDA:10,(anonymous_2)
FNDA:93,(anonymous_3)
FNDA:70,(anonymous_4)
FNDA:0,(anonymous_5)
FNDA:0,(anonymous_6)
FNDA:0,(anonymous_7)
FNDA:76,(anonymous_8)
DA:2,2
DA:3,2
DA:11,39
DA:12,6
DA:14,33
DA:15,33
DA:16,33
DA:19,20
DA:22,10
DA:25,93
DA:28,70
DA:31,0
DA:34,0
DA:35,0
DA:38,0
DA:39,0
DA:41,0
DA:49,76
DA:50,6
DA:52,70
DA:55,2
LF:21
LH:15
BRDA:11,0,0,6
BRDA:11,0,1,33
BRDA:11,1,0,39
BRDA:11,1,1,37
BRDA:38,2,0,0
BRDA:38,2,1,0
BRDA:49,3,0,6
BRDA:49,3,1,70
BRDA:49,4,0,76
BRDA:49,4,1,75
BRDA:49,4,2,74
BRF:11
BRH:9
end_of_record
TN:
SF:src\classes\CitizenListManager.ts
FN:12,(anonymous_0)
FN:23,(anonymous_1)
FN:25,(anonymous_2)
FN:38,(anonymous_3)
FN:82,(anonymous_4)
FN:88,(anonymous_5)
FN:89,(anonymous_6)
FN:92,(anonymous_7)
FN:93,(anonymous_8)
FN:96,(anonymous_9)
FNF:10
FNH:10
FNDA:7,(anonymous_0)
FNDA:5,(anonymous_1)
FNDA:20,(anonymous_2)
FNDA:1,(anonymous_3)
FNDA:2,(anonymous_4)
FNDA:4,(anonymous_5)
FNDA:38,(anonymous_6)
FNDA:3,(anonymous_7)
FNDA:34,(anonymous_8)
FNDA:1,(anonymous_9)
DA:3,1
DA:13,7
DA:14,0
DA:16,7
DA:24,5
DA:25,5
DA:26,20
DA:29,5
DA:40,1
DA:42,1
DA:43,1
DA:46,1
DA:47,1
DA:48,6
DA:50,1
DA:52,5
DA:53,1
DA:57,4
DA:58,4
DA:63,1
DA:65,1
DA:66,6
DA:68,4
DA:71,2
DA:75,1
DA:83,2
DA:84,2
DA:85,2
DA:89,38
DA:93,34
DA:97,1
LF:31
LH:30
BRDA:12,0,0,0
BRDA:13,1,0,0
BRDA:48,2,0,1
BRDA:48,2,1,5
BRDA:48,3,0,6
BRDA:48,3,1,5
BRDA:52,4,0,1
BRDA:52,4,1,4
BRDA:66,5,0,4
BRDA:66,5,1,2
BRF:10
BRH:8
end_of_record
TN:
SF:src\classes\Student.ts
FN:17,(anonymous_0)
FN:26,(anonymous_1)
FN:30,(anonymous_2)
FN:34,(anonymous_3)
FN:38,(anonymous_4)
FN:42,(anonymous_5)
FN:46,(anonymous_6)
FN:51,(anonymous_7)
FN:64,(anonymous_8)
FNF:9
FNH:6
FNDA:45,(anonymous_0)
FNDA:20,(anonymous_1)
FNDA:10,(anonymous_2)
FNDA:93,(anonymous_3)
FNDA:70,(anonymous_4)
FNDA:0,(anonymous_5)
FNDA:0,(anonymous_6)
FNDA:0,(anonymous_7)
FNDA:88,(anonymous_8)
DA:7,2
DA:18,45
DA:19,6
DA:21,39
DA:22,39
DA:23,39
DA:27,20
DA:31,10
DA:35,93
DA:39,70
DA:43,0
DA:47,0
DA:48,0
DA:52,0
DA:53,0
DA:55,0
DA:65,88
DA:66,6
DA:68,82
LF:19
LH:13
BRDA:18,0,0,6
BRDA:18,1,0,45
BRDA:18,1,1,43
BRDA:52,2,0,0
BRDA:52,2,1,0
BRDA:65,3,0,6
BRDA:65,4,0,88
BRDA:65,4,1,87
BRDA:65,4,2,86
BRF:9
BRH:7
end_of_record
