TN:
SF:dist\classes\CitizenListManager.js
FN:6,(anonymous_0)
FN:16,(anonymous_1)
FN:18,(anonymous_2)
FN:30,(anonymous_3)
FN:70,(anonymous_4)
FN:75,(anonymous_5)
FN:76,(anonymous_6)
FN:78,(anonymous_7)
FN:79,(anonymous_8)
FNF:9
FNH:9
FNDA:7,(anonymous_0)
FNDA:4,(anonymous_1)
FNDA:20,(anonymous_2)
FNDA:1,(anonymous_3)
FNDA:2,(anonymous_4)
FNDA:4,(anonymous_5)
FNDA:38,(anonymous_6)
FNDA:3,(anonymous_7)
FNDA:34,(anonymous_8)
DA:2,1
DA:3,1
DA:7,7
DA:8,0
DA:10,7
DA:17,4
DA:18,4
DA:19,20
DA:22,4
DA:32,1
DA:34,1
DA:35,1
DA:37,1
DA:38,1
DA:39,6
DA:41,1
DA:43,5
DA:44,1
DA:48,4
DA:49,4
DA:53,1
DA:55,1
DA:56,6
DA:58,4
DA:61,2
DA:64,1
DA:71,2
DA:72,2
DA:73,2
DA:76,38
DA:79,34
DA:82,1
LF:32
LH:31
BRDA:6,0,0,0
BRDA:7,1,0,0
BRDA:7,1,1,7
BRDA:39,2,0,1
BRDA:39,2,1,5
BRDA:39,3,0,6
BRDA:39,3,1,5
BRDA:43,4,0,1
BRDA:43,4,1,4
BRDA:56,5,0,4
BRDA:56,5,1,2
BRF:11
BRH:9
end_of_record
TN:
SF:dist\classes\Student.js
FN:5,(anonymous_0)
FN:10,(anonymous_1)
FN:13,(anonymous_2)
FN:16,(anonymous_3)
FN:19,(anonymous_4)
FN:22,(anonymous_5)
FN:25,(anonymous_6)
FN:28,(anonymous_7)
FNF:8
FNH:5
FNDA:39,(anonymous_0)
FNDA:20,(anonymous_1)
FNDA:10,(anonymous_2)
FNDA:93,(anonymous_3)
FNDA:70,(anonymous_4)
FNDA:0,(anonymous_5)
FNDA:0,(anonymous_6)
FNDA:0,(anonymous_7)
DA:2,1
DA:3,1
DA:6,39
DA:7,39
DA:8,39
DA:11,20
DA:14,10
DA:17,93
DA:20,70
DA:23,0
DA:26,0
DA:29,0
DA:32,1
LF:13
LH:10
BRF:0
BRH:0
end_of_record
TN:
SF:src\classes\CitizenListManager.ts
FN:9,(anonymous_0)
FN:20,(anonymous_1)
FN:22,(anonymous_2)
FN:35,(anonymous_3)
FN:79,(anonymous_4)
FN:85,(anonymous_5)
FN:86,(anonymous_6)
FN:89,(anonymous_7)
FN:90,(anonymous_8)
FNF:9
FNH:9
FNDA:7,(anonymous_0)
FNDA:4,(anonymous_1)
FNDA:20,(anonymous_2)
FNDA:1,(anonymous_3)
FNDA:2,(anonymous_4)
FNDA:4,(anonymous_5)
FNDA:38,(anonymous_6)
FNDA:3,(anonymous_7)
FNDA:34,(anonymous_8)
DA:3,1
DA:10,7
DA:11,0
DA:13,7
DA:21,4
DA:22,4
DA:23,20
DA:26,4
DA:37,1
DA:39,1
DA:40,1
DA:43,1
DA:44,1
DA:45,6
DA:47,1
DA:49,5
DA:50,1
DA:54,4
DA:55,4
DA:60,1
DA:62,1
DA:63,6
DA:65,4
DA:68,2
DA:72,1
DA:80,2
DA:81,2
DA:82,2
DA:86,38
DA:90,34
LF:30
LH:29
BRDA:9,0,0,0
BRDA:10,1,0,0
BRDA:45,2,0,1
BRDA:45,2,1,5
BRDA:45,3,0,6
BRDA:45,3,1,5
BRDA:49,4,0,1
BRDA:49,4,1,4
BRDA:63,5,0,4
BRDA:63,5,1,2
BRF:10
BRH:8
end_of_record
TN:
SF:src\classes\Student.ts
FN:8,(anonymous_0)
FN:14,(anonymous_1)
FN:18,(anonymous_2)
FN:22,(anonymous_3)
FN:26,(anonymous_4)
FN:30,(anonymous_5)
FN:34,(anonymous_6)
FN:38,(anonymous_7)
FNF:8
FNH:5
FNDA:39,(anonymous_0)
FNDA:20,(anonymous_1)
FNDA:10,(anonymous_2)
FNDA:93,(anonymous_3)
FNDA:70,(anonymous_4)
FNDA:0,(anonymous_5)
FNDA:0,(anonymous_6)
FNDA:0,(anonymous_7)
DA:3,1
DA:9,39
DA:10,39
DA:11,39
DA:15,20
DA:19,10
DA:23,93
DA:27,70
DA:31,0
DA:35,0
DA:39,0
LF:11
LH:8
BRF:0
BRH:0
end_of_record
